*** Using Compiler 'V5.06 update 1 (build 61)', folder: 'D:\Tools\Keil_v5\ARM\ARMCC\Bin'
Build target 'FlyAssistant'
assembling startup_stm32f765xx.s...
compiling uart_api.c...
compiling stm32f7xx_hal_adc.c...
compiling MAV_Altitude_Decode.c...
compiling stm32f7xx_it.c...
compiling encodedDecoder.c...
..\Src\encodedDecoder.c(44): warning:  #940-D: missing return statement at end of non-void function "encodeDecode_Analysis"
  }
..\Src\encodedDecoder.c: 1 warning, 0 errors
compiling flyControl.c...
compiling beep.c...
compiling key.c...
compiling stm32f7xx_hal_adc_ex.c...
compiling stm32f7xx_hal_msp.c...
compiling led.c...
compiling stm32f7xx_hal_rcc.c...
compiling main.c...
../Core/Src/main.c(217): warning:  #177-D: variable "i3" was declared but never referenced
  	uint16_t i1=0,i2=0,i3=0;
../Core/Src/main.c(220): warning:  #177-D: variable "rxlen_usart_3" was declared but never referenced
    uint16_t rxlen_usart_3;
../Core/Src/main.c(224): warning:  #177-D: variable "decodetimer" was declared but never referenced
  	uint32_t decodetimer;
../Core/Src/main.c(227): warning:  #177-D: variable "msg1" was declared but never referenced
  	mavlink_message_t msg1;
../Core/Src/main.c(228): warning:  #177-D: variable "msg2" was declared but never referenced
  	mavlink_message_t msg2;
../Core/Src/main.c(229): warning:  #177-D: variable "msg_tmp" was declared but never referenced
  	mavlink_message_t msg_tmp;
../Core/Src/main.c(230): warning:  #177-D: variable "msg_altitude" was declared but never referenced
  	mavlink_message_t msg_altitude;
../Core/Src/main.c(1516): warning:  #177-D: variable "msg" was declared but never referenced
  	mavlink_message_t msg;
../Core/Src/main.c(1517): warning:  #177-D: variable "status" was declared but never referenced
  	mavlink_status_t status;
../Core/Src/main.c(1998): warning:  #550-D: variable "len" was set but never used
  	uint16_t len;	
../Core/Src/main.c(2024): warning:  #550-D: variable "len" was set but never used
  	uint16_t len;	
../Core/Src/main.c(2055): warning:  #550-D: variable "len" was set but never used
  	uint16_t len;
../Core/Src/main.c(82): warning:  #177-D: variable "MAVLink_message_length" was declared but never referenced
  static int MAVLink_message_length = 0;
../Core/Src/main.c(83): warning:  #177-D: variable "packet" was declared but never referenced
  static mavlink_distance_sensor_t packet;
../Core/Src/main.c: 16 warnings, 0 errors
compiling stm32f7xx_hal_rcc_ex.c...
compiling stm32f7xx_hal_flash.c...
compiling stm32f7xx_hal_gpio.c...
compiling stm32f7xx_hal_flash_ex.c...
compiling stm32f7xx_hal_dma.c...
compiling stm32f7xx_hal_pwr.c...
compiling stm32f7xx_hal_dma_ex.c...
compiling stm32f7xx_hal_cortex.c...
compiling stm32f7xx_hal_pwr_ex.c...
compiling stm32f7xx_hal.c...
compiling stm32f7xx_hal_i2c.c...
compiling stm32f7xx_hal_i2c_ex.c...
compiling stm32f7xx_hal_exti.c...
compiling stm32f7xx_ll_exti.c...
compiling stm32f7xx_ll_rcc.c...
compiling stm32f7xx_hal_tim_ex.c...
compiling stm32f7xx_ll_utils.c...
compiling stm32f7xx_ll_gpio.c...
compiling stm32f7xx_hal_tim.c...
compiling stm32f7xx_ll_usart.c...
compiling stm32f7xx_ll_dma.c...
compiling system_stm32f7xx.c...
linking...
Program Size: Code=26274 RO-data=994 RW-data=304 ZI-data=3888  
FromELF: creating hex file...
"FlyAssistant\FlyAssistant.axf" - 0 Error(s), 15 Warning(s).
Build Time Elapsed:  00:00:43
